#
# There is insufficient memory for the Java Runtime Environment to continue.
# Native memory allocation (malloc) failed to allocate 1740976 bytes for Chunk::new
# Possible reasons:
#   The system is out of physical RAM or swap space
#   The process is running with CompressedOops enabled, and the Java Heap may be blocking the growth of the native heap
# Possible solutions:
#   Reduce memory load on the system
#   Increase physical memory or swap space
#   Check if swap backing store is full
#   Decrease Java heap size (-Xmx/-Xms)
#   Decrease number of Java threads
#   Decrease Java thread stack sizes (-Xss)
#   Set larger code cache with -XX:ReservedCodeCacheSize=
#   JVM is running with Unscaled Compressed Oops mode in which the Java heap is
#     placed in the first 4GB address space. The Java Heap base address is the
#     maximum limit for the native heap growth. Please use -XX:HeapBaseMinAddress
#     to set the Java Heap base and to place the Java Heap above 4GB virtual address.
# This output file may be truncated or incomplete.
#
#  Out of Memory Error (allocation.cpp:389), pid=9120, tid=0x0000000000003464
#
# JRE version: Java(TM) SE Runtime Environment (8.0_212-b10) (build 1.8.0_212-b10)
# Java VM: Java HotSpot(TM) 64-Bit Server VM (25.212-b10 mixed mode windows-amd64 compressed oops)
# Failed to write core dump. Minidumps are not enabled by default on client versions of Windows
#

---------------  T H R E A D  ---------------

Current thread (0x00000000139f5800):  JavaThread "C2 CompilerThread1" daemon [_thread_in_native, id=13412, stack(0x0000000015170000,0x0000000015270000)]

Stack: [0x0000000015170000,0x0000000015270000]
[error occurred during error reporting (printing stack bounds), id 0xc0000005]

Native frames: (J=compiled Java code, j=interpreted, Vv=VM code, C=native code)


Current CompileTask:
C2:4374208 15635       4       java.lang.Class::privateGetPublicMethods (267 bytes)


---------------  P R O C E S S  ---------------

Java Threads: ( => current thread )
  0x00000000192ac800 JavaThread "Cache worker for Build Output Cleanup Cache (C:\Users\hlds\Downloads\Pos Unipe - Desenvolvimento Web\Java Script e React Native\Biblioteca\android\.gradle\buildOutputCleanup)" [_thread_blocked, id=8032, stack(0x0000000034650000,0x0000000034750000)]
  0x00000000192ad000 JavaThread "Build operations Thread 4" [_thread_blocked, id=6840, stack(0x0000000034550000,0x0000000034650000)]
  0x00000000192b1000 JavaThread "Build operations Thread 3" [_thread_blocked, id=11444, stack(0x0000000034450000,0x0000000034550000)]
  0x0000000018f75800 JavaThread "Build operations Thread 2" [_thread_blocked, id=11816, stack(0x0000000034350000,0x0000000034450000)]
  0x0000000018f73800 JavaThread "Build operations" [_thread_blocked, id=11828, stack(0x0000000034250000,0x0000000034350000)]
  0x0000000018f72800 JavaThread "Cache worker for cache directory md-rule (C:\Users\hlds\.gradle\caches\5.5\md-rule)" [_thread_blocked, id=10660, stack(0x0000000034150000,0x0000000034250000)]
  0x0000000018f76800 JavaThread "Cache worker for cache directory md-supplier (C:\Users\hlds\.gradle\caches\5.5\md-supplier)" [_thread_blocked, id=13464, stack(0x0000000034050000,0x0000000034150000)]
  0x0000000018f75000 JavaThread "Cache worker for file hash cache (C:\Users\hlds\Downloads\Pos Unipe - Desenvolvimento Web\Java Script e React Native\Biblioteca\android\.gradle\5.5\fileHashes)" [_thread_blocked, id=12876, stack(0x0000000033f50000,0x0000000034050000)]
  0x0000000018f69800 JavaThread "Thread-260" [_thread_blocked, id=11832, stack(0x0000000033e50000,0x0000000033f50000)]
  0x0000000018f69000 JavaThread "Stdin handler" [_thread_blocked, id=8984, stack(0x0000000033d50000,0x0000000033e50000)]
  0x0000000018f6f800 JavaThread "Asynchronous log dispatcher for DefaultDaemonConnection: socket connection from /127.0.0.1:56466 to /127.0.0.1:58092" [_thread_blocked, id=11452, stack(0x0000000033c50000,0x0000000033d50000)]
  0x0000000018f68000 JavaThread "Cancel handler" [_thread_blocked, id=9064, stack(0x0000000033b50000,0x0000000033c50000)]
  0x0000000018f6e000 JavaThread "Handler for socket connection from /127.0.0.1:56466 to /127.0.0.1:58092" [_thread_in_native, id=1856, stack(0x0000000033a50000,0x0000000033b50000)]
  0x0000000018f6f000 JavaThread "Daemon worker Thread 12" [_thread_in_native, id=8712, stack(0x0000000033150000,0x0000000033250000)]
  0x0000000018f6b000 JavaThread "Daemon Thread 12" [_thread_blocked, id=10196, stack(0x0000000032e50000,0x0000000032f50000)]
  0x0000000018f77000 JavaThread "Device List Monitor" [_thread_in_native, id=1412, stack(0x0000000023850000,0x0000000023950000)]
  0x0000000018f74000 JavaThread "Monitor" [_thread_in_native, id=8856, stack(0x0000000023250000,0x0000000023350000)]
  0x0000000018f72000 JavaThread "Cache worker for file content cache (C:\Users\hlds\.gradle\caches\5.5\fileContent)" [_thread_blocked, id=2328, stack(0x0000000022a50000,0x0000000022b50000)]
  0x0000000018f71000 JavaThread "Memory manager" [_thread_blocked, id=4428, stack(0x0000000021050000,0x0000000021150000)]
  0x0000000018f6d800 JavaThread "Cache worker for execution history cache (C:\Users\hlds\.gradle\caches\5.5\executionHistory)" [_thread_blocked, id=12968, stack(0x000000001e280000,0x000000001e380000)]
  0x0000000016e64800 JavaThread "Cache worker for journal cache (C:\Users\hlds\.gradle\caches\journal-1)" [_thread_blocked, id=11584, stack(0x0000000018d80000,0x0000000018e80000)]
  0x0000000016e60000 JavaThread "File lock request listener" [_thread_in_native, id=10540, stack(0x0000000018c80000,0x0000000018d80000)]
  0x0000000016e5f000 JavaThread "Cache worker for file hash cache (C:\Users\hlds\.gradle\caches\5.5\fileHashes)" [_thread_blocked, id=1348, stack(0x0000000018b80000,0x0000000018c80000)]
  0x0000000016df8800 JavaThread "Daemon periodic checks" [_thread_blocked, id=7548, stack(0x0000000018180000,0x0000000018280000)]
  0x0000000016e10800 JavaThread "Incoming local TCP Connector on port 56466" [_thread_in_native, id=1424, stack(0x0000000018080000,0x0000000018180000)]
  0x0000000016e0c800 JavaThread "JMX server connection timeout 17" daemon [_thread_blocked, id=10472, stack(0x0000000017f80000,0x0000000018080000)]
  0x0000000016e09000 JavaThread "RMI Scheduler(0)" daemon [_thread_blocked, id=9760, stack(0x0000000017e80000,0x0000000017f80000)]
  0x0000000016dc9000 JavaThread "RMI TCP Connection(idle)" daemon [_thread_blocked, id=14172, stack(0x0000000017d80000,0x0000000017e80000)]
  0x0000000016dbb000 JavaThread "RMI TCP Accept-0" daemon [_thread_in_native, id=10840, stack(0x0000000017b80000,0x0000000017c80000)]
  0x0000000016c7d000 JavaThread "Daemon health stats" [_thread_blocked, id=12796, stack(0x0000000017140000,0x0000000017240000)]
  0x0000000013a4e000 JavaThread "Service Thread" daemon [_thread_blocked, id=4280, stack(0x0000000015770000,0x0000000015870000)]
  0x00000000139fc000 JavaThread "C1 CompilerThread2" daemon [_thread_blocked, id=11968, stack(0x0000000015270000,0x0000000015370000)]
=>0x00000000139f5800 JavaThread "C2 CompilerThread1" daemon [_thread_in_native, id=13412, stack(0x0000000015170000,0x0000000015270000)]
  0x00000000139f1800 JavaThread "C2 CompilerThread0" daemon [_thread_blocked, id=11700, stack(0x0000000015070000,0x0000000015170000)]
  0x00000000139ef800 JavaThread "Attach Listener" daemon [_thread_blocked, id=2544, stack(0x0000000014f70000,0x0000000015070000)]
  0x00000000139ee800 JavaThread "Signal Dispatcher" daemon [_thread_blocked, id=7048, stack(0x0000000014e70000,0x0000000014f70000)]
  0x00000000025cc800 JavaThread "Finalizer" daemon [_thread_blocked, id=6488, stack(0x0000000014c60000,0x0000000014d60000)]
  0x00000000025c3800 JavaThread "Reference Handler" daemon [_thread_blocked, id=11408, stack(0x0000000014b60000,0x0000000014c60000)]
  0x000000000236e000 JavaThread "main" [_thread_blocked, id=10844, stack(0x0000000002370000,0x0000000002470000)]

Other Threads:
  0x00000000139b7000 VMThread [stack: 0x0000000014a60000,0x0000000014b60000] [id=12972]
  0x00000000153bb000 WatcherThread [stack: 0x0000000015870000,0x0000000015970000] [id=6640]

VM state:not at safepoint (normal execution)

VM Mutex/Monitor currently owned by a thread: None

heap address: 0x00000000e0000000, size: 512 MB, Compressed Oops mode: 32-bit
Narrow klass base: 0x0000000000000000, Narrow klass shift: 3
Compressed class space size: 1073741824 Address: 0x0000000100000000

Heap:
 PSYoungGen      total 116736K, used 68586K [0x00000000f5580000, 0x00000000fe100000, 0x0000000100000000)
  eden space 109056K, 56% used [0x00000000f5580000,0x00000000f9166b58,0x00000000fc000000)
  from space 7680K, 94% used [0x00000000fc200000,0x00000000fc913d50,0x00000000fc980000)
  to   space 16896K, 0% used [0x00000000fd080000,0x00000000fd080000,0x00000000fe100000)
 ParOldGen       total 199168K, used 54616K [0x00000000e0000000, 0x00000000ec280000, 0x00000000f5580000)
  object space 199168K, 27% used [0x00000000e0000000,0x00000000e3556158,0x00000000ec280000)
 Metaspace       used 84567K, capacity 89472K, committed 89648K, reserved 1126400K
  class space    used 11099K, capacity 12048K, committed 12080K, reserved 1048576K

Card table byte_map: [0x0000000011990000,0x0000000011aa0000] byte_map_base: 0x0000000011290000

Marking Bits: (ParMarkBitMap*) 0x0000000057eb5ce0
 Begin Bits: [0x0000000011f50000, 0x0000000012750000)
 End Bits:   [0x0000000012750000, 0x0000000012f50000)

Polling page: 0x00000000005f0000

CodeCache: size=245760Kb used=43307Kb max_used=43319Kb free=202453Kb
 bounds [0x00000000025d0000, 0x0000000005060000, 0x00000000115d0000]
 total_blobs=13712 nmethods=12845 adapters=778
 compilation: enabled

Compilation events (10 events):
Event: 4373.788 Thread 0x00000000139f1800 15699       4       groovy.lang.MetaMethod::isStatic (16 bytes)
Event: 4373.788 Thread 0x00000000139f1800 nmethod 15699 0x00000000033c5a90 code [0x00000000033c5bc0, 0x00000000033c5c38]
Event: 4373.788 Thread 0x00000000139f1800 15698       4       org.codehaus.groovy.reflection.ReflectionCache::isAssignableFrom (13 bytes)
Event: 4373.789 Thread 0x00000000139f1800 nmethod 15698 0x0000000003f1bb10 code [0x0000000003f1bc40, 0x0000000003f1bd38]
Event: 4373.789 Thread 0x00000000139f1800 15684       4       groovy.lang.MetaClassImpl::checkIfStdMethod (178 bytes)
Event: 4373.796 Thread 0x00000000139fc000 15700       3       com.sun.beans.WeakCache::put (38 bytes)
Event: 4373.796 Thread 0x00000000139fc000 nmethod 15700 0x0000000003342c50 code [0x0000000003342e00, 0x0000000003343378]
Event: 4373.796 Thread 0x00000000139f1800 nmethod 15684 0x000000000403c850 code [0x000000000403ca20, 0x000000000403d200]
Event: 4373.796 Thread 0x00000000139f1800 15701       4       groovy.lang.MetaClassImpl$Index::getNotNull (32 bytes)
Event: 4373.803 Thread 0x00000000139f1800 nmethod 15701 0x00000000030e2e50 code [0x00000000030e2fe0, 0x00000000030e34f8]

GC Heap History (10 events):
Event: 3480.129 GC heap before
{Heap before GC invocations=22 (full 3):
 PSYoungGen      total 136704K, used 125008K [0x00000000f5580000, 0x00000000ff300000, 0x0000000100000000)
  eden space 119296K, 100% used [0x00000000f5580000,0x00000000fca00000,0x00000000fca00000)
  from space 17408K, 32% used [0x00000000fe200000,0x00000000fe7940a0,0x00000000ff300000)
  to   space 20992K, 0% used [0x00000000fca00000,0x00000000fca00000,0x00000000fde80000)
 ParOldGen       total 199168K, used 54584K [0x00000000e0000000, 0x00000000ec280000, 0x00000000f5580000)
  object space 199168K, 27% used [0x00000000e0000000,0x00000000e354e158,0x00000000ec280000)
 Metaspace       used 77295K, capacity 81856K, committed 82096K, reserved 1120256K
  class space    used 10234K, capacity 11090K, committed 11184K, reserved 1048576K
Event: 3480.139 GC heap after
Heap after GC invocations=22 (full 3):
 PSYoungGen      total 124928K, used 7312K [0x00000000f5580000, 0x00000000fef00000, 0x0000000100000000)
  eden space 117248K, 0% used [0x00000000f5580000,0x00000000f5580000,0x00000000fc800000)
  from space 7680K, 95% used [0x00000000fca00000,0x00000000fd124010,0x00000000fd180000)
  to   space 19968K, 0% used [0x00000000fdb80000,0x00000000fdb80000,0x00000000fef00000)
 ParOldGen       total 199168K, used 54592K [0x00000000e0000000, 0x00000000ec280000, 0x00000000f5580000)
  object space 199168K, 27% used [0x00000000e0000000,0x00000000e3550158,0x00000000ec280000)
 Metaspace       used 77295K, capacity 81856K, committed 82096K, reserved 1120256K
  class space    used 10234K, capacity 11090K, committed 11184K, reserved 1048576K
}
Event: 3706.516 GC heap before
{Heap before GC invocations=23 (full 3):
 PSYoungGen      total 124928K, used 124560K [0x00000000f5580000, 0x00000000fef00000, 0x0000000100000000)
  eden space 117248K, 100% used [0x00000000f5580000,0x00000000fc800000,0x00000000fc800000)
  from space 7680K, 95% used [0x00000000fca00000,0x00000000fd124010,0x00000000fd180000)
  to   space 19968K, 0% used [0x00000000fdb80000,0x00000000fdb80000,0x00000000fef00000)
 ParOldGen       total 199168K, used 54592K [0x00000000e0000000, 0x00000000ec280000, 0x00000000f5580000)
  object space 199168K, 27% used [0x00000000e0000000,0x00000000e3550158,0x00000000ec280000)
 Metaspace       used 77404K, capacity 81988K, committed 82096K, reserved 1120256K
  class space    used 10234K, capacity 11090K, committed 11184K, reserved 1048576K
Event: 3706.535 GC heap after
Heap after GC invocations=23 (full 3):
 PSYoungGen      total 131072K, used 8059K [0x00000000f5580000, 0x00000000feb00000, 0x0000000100000000)
  eden space 115200K, 0% used [0x00000000f5580000,0x00000000f5580000,0x00000000fc600000)
  from space 15872K, 50% used [0x00000000fdb80000,0x00000000fe35ecf0,0x00000000feb00000)
  to   space 18944K, 0% used [0x00000000fc600000,0x00000000fc600000,0x00000000fd880000)
 ParOldGen       total 199168K, used 54600K [0x00000000e0000000, 0x00000000ec280000, 0x00000000f5580000)
  object space 199168K, 27% used [0x00000000e0000000,0x00000000e3552158,0x00000000ec280000)
 Metaspace       used 77404K, capacity 81988K, committed 82096K, reserved 1120256K
  class space    used 10234K, capacity 11090K, committed 11184K, reserved 1048576K
}
Event: 3813.690 GC heap before
{Heap before GC invocations=24 (full 3):
 PSYoungGen      total 131072K, used 123259K [0x00000000f5580000, 0x00000000feb00000, 0x0000000100000000)
  eden space 115200K, 100% used [0x00000000f5580000,0x00000000fc600000,0x00000000fc600000)
  from space 15872K, 50% used [0x00000000fdb80000,0x00000000fe35ecf0,0x00000000feb00000)
  to   space 18944K, 0% used [0x00000000fc600000,0x00000000fc600000,0x00000000fd880000)
 ParOldGen       total 199168K, used 54600K [0x00000000e0000000, 0x00000000ec280000, 0x00000000f5580000)
  object space 199168K, 27% used [0x00000000e0000000,0x00000000e3552158,0x00000000ec280000)
 Metaspace       used 77508K, capacity 82064K, committed 82352K, reserved 1120256K
  class space    used 10234K, capacity 11090K, committed 11184K, reserved 1048576K
Event: 3813.710 GC heap after
Heap after GC invocations=24 (full 3):
 PSYoungGen      total 122368K, used 9131K [0x00000000f5580000, 0x00000000fe700000, 0x0000000100000000)
  eden space 113152K, 0% used [0x00000000f5580000,0x00000000f5580000,0x00000000fc400000)
  from space 9216K, 99% used [0x00000000fc600000,0x00000000fceeac50,0x00000000fcf00000)
  to   space 17920K, 0% used [0x00000000fd580000,0x00000000fd580000,0x00000000fe700000)
 ParOldGen       total 199168K, used 54600K [0x00000000e0000000, 0x00000000ec280000, 0x00000000f5580000)
  object space 199168K, 27% used [0x00000000e0000000,0x00000000e3552158,0x00000000ec280000)
 Metaspace       used 77508K, capacity 82064K, committed 82352K, reserved 1120256K
  class space    used 10234K, capacity 11090K, committed 11184K, reserved 1048576K
}
Event: 4061.987 GC heap before
{Heap before GC invocations=25 (full 3):
 PSYoungGen      total 122368K, used 122283K [0x00000000f5580000, 0x00000000fe700000, 0x0000000100000000)
  eden space 113152K, 100% used [0x00000000f5580000,0x00000000fc400000,0x00000000fc400000)
  from space 9216K, 99% used [0x00000000fc600000,0x00000000fceeac50,0x00000000fcf00000)
  to   space 17920K, 0% used [0x00000000fd580000,0x00000000fd580000,0x00000000fe700000)
 ParOldGen       total 199168K, used 54600K [0x00000000e0000000, 0x00000000ec280000, 0x00000000f5580000)
  object space 199168K, 27% used [0x00000000e0000000,0x00000000e3552158,0x00000000ec280000)
 Metaspace       used 77607K, capacity 82256K, committed 82352K, reserved 1120256K
  class space    used 10235K, capacity 11090K, committed 11184K, reserved 1048576K
Event: 4062.006 GC heap after
Heap after GC invocations=25 (full 3):
 PSYoungGen      total 125952K, used 9227K [0x00000000f5580000, 0x00000000fe400000, 0x0000000100000000)
  eden space 111104K, 0% used [0x00000000f5580000,0x00000000f5580000,0x00000000fc200000)
  from space 14848K, 62% used [0x00000000fd580000,0x00000000fde82c70,0x00000000fe400000)
  to   space 17408K, 0% used [0x00000000fc200000,0x00000000fc200000,0x00000000fd300000)
 ParOldGen       total 199168K, used 54608K [0x00000000e0000000, 0x00000000ec280000, 0x00000000f5580000)
  object space 199168K, 27% used [0x00000000e0000000,0x00000000e3554158,0x00000000ec280000)
 Metaspace       used 77607K, capacity 82256K, committed 82352K, reserved 1120256K
  class space    used 10235K, capacity 11090K, committed 11184K, reserved 1048576K
}
Event: 4373.324 GC heap before
{Heap before GC invocations=26 (full 3):
 PSYoungGen      total 125952K, used 120315K [0x00000000f5580000, 0x00000000fe400000, 0x0000000100000000)
  eden space 111104K, 99% used [0x00000000f5580000,0x00000000fc1fc160,0x00000000fc200000)
  from space 14848K, 62% used [0x00000000fd580000,0x00000000fde82c70,0x00000000fe400000)
  to   space 17408K, 0% used [0x00000000fc200000,0x00000000fc200000,0x00000000fd300000)
 ParOldGen       total 199168K, used 54608K [0x00000000e0000000, 0x00000000ec280000, 0x00000000f5580000)
  object space 199168K, 27% used [0x00000000e0000000,0x00000000e3554158,0x00000000ec280000)
 Metaspace       used 81992K, capacity 86854K, committed 86960K, reserved 1124352K
  class space    used 10749K, capacity 11670K, committed 11696K, reserved 1048576K
Event: 4373.333 GC heap after
Heap after GC invocations=26 (full 3):
 PSYoungGen      total 116736K, used 7247K [0x00000000f5580000, 0x00000000fe100000, 0x0000000100000000)
  eden space 109056K, 0% used [0x00000000f5580000,0x00000000f5580000,0x00000000fc000000)
  from space 7680K, 94% used [0x00000000fc200000,0x00000000fc913d50,0x00000000fc980000)
  to   space 16896K, 0% used [0x00000000fd080000,0x00000000fd080000,0x00000000fe100000)
 ParOldGen       total 199168K, used 54616K [0x00000000e0000000, 0x00000000ec280000, 0x00000000f5580000)
  object space 199168K, 27% used [0x00000000e0000000,0x00000000e3556158,0x00000000ec280000)
 Metaspace       used 81992K, capacity 86854K, committed 86960K, reserved 1124352K
  class space    used 10749K, capacity 11670K, committed 11696K, reserved 1048576K
}

Deoptimization events (10 events):
Event: 4338.672 Thread 0x0000000018f6b000 Uncommon trap: reason=predicate action=maybe_recompile pc=0x000000000460eda4 method=java.util.TimSort.binarySort([Ljava/lang/Object;IIILjava/util/Comparator;)V @ 37
Event: 4338.673 Thread 0x0000000018f6b000 Uncommon trap: reason=predicate action=maybe_recompile pc=0x0000000004424598 method=java.util.TimSort.binarySort([Ljava/lang/Object;IIILjava/util/Comparator;)V @ 37
Event: 4338.675 Thread 0x0000000018f6b000 Uncommon trap: reason=unstable_if action=reinterpret pc=0x0000000004635b98 method=org.gradle.internal.remote.internal.inet.SocketConnection$SocketOutputStream.write([BII)V @ 64
Event: 4371.197 Thread 0x0000000018f6b000 Uncommon trap: reason=class_check action=maybe_recompile pc=0x0000000004a7d6c4 method=java.util.concurrent.ThreadPoolExecutor.getTask()Ljava/lang/Runnable; @ 139
Event: 4371.225 Thread 0x0000000018f6f000 Uncommon trap: reason=class_check action=maybe_recompile pc=0x0000000004a7d6c4 method=java.util.concurrent.ThreadPoolExecutor.getTask()Ljava/lang/Runnable; @ 139
Event: 4372.880 Thread 0x0000000018f6f000 Uncommon trap: reason=bimorphic action=maybe_recompile pc=0x0000000004674fe4 method=com.google.common.cache.LocalCache$Segment.storeLoadedValue(Ljava/lang/Object;ILcom/google/common/cache/LocalCache$LoadingValueReference;Ljava/lang/Object;)Z @ 91
Event: 4373.028 Thread 0x0000000018f6f000 Uncommon trap: reason=bimorphic action=maybe_recompile pc=0x0000000004674fe4 method=com.google.common.cache.LocalCache$Segment.storeLoadedValue(Ljava/lang/Object;ILcom/google/common/cache/LocalCache$LoadingValueReference;Ljava/lang/Object;)Z @ 91
Event: 4373.037 Thread 0x0000000018f6f000 Uncommon trap: reason=unstable_if action=reinterpret pc=0x0000000004961aac method=javax.management.ObjectName.construct(Ljava/lang/String;)V @ 881
Event: 4373.400 Thread 0x0000000018f6f000 Uncommon trap: reason=null_check action=make_not_entrant pc=0x00000000047bb1a4 method=java.lang.Class.isAnnotation()Z @ 1
Event: 4373.593 Thread 0x0000000018f6f000 Uncommon trap: reason=unstable_if action=reinterpret pc=0x0000000004b8d5bc method=sun.nio.cs.StreamDecoder.inReady()Z @ 14

Classes redefined (0 events):
No events

Internal exceptions (10 events):
Event: 4373.781 Thread 0x0000000018f6f000 Exception <a 'java/lang/ClassNotFoundException': com/android/builder/signing/DefaultSigningConfigBeanInfo> (0x00000000f8f1a480) thrown at [C:\re\workspace\8-2-build-windows-amd64-cygwin\jdk8u212\12974\hotspot\src\share\vm\classfile\systemDictionary.cpp, l
Event: 4373.781 Thread 0x0000000018f6f000 Exception <a 'java/lang/ClassNotFoundException': com/android/builder/signing/DefaultSigningConfigCustomizer> (0x00000000f8f33da0) thrown at [C:\re\workspace\8-2-build-windows-amd64-cygwin\jdk8u212\12974\hotspot\src\share\vm\classfile\systemDictionary.cpp,
Event: 4373.782 Thread 0x0000000018f6f000 Exception <a 'java/lang/ClassNotFoundException': com/android/build/gradle/internal/dsl/SigningConfigCustomizer> (0x00000000f8f60640) thrown at [C:\re\workspace\8-2-build-windows-amd64-cygwin\jdk8u212\12974\hotspot\src\share\vm\classfile\systemDictionary.c
Event: 4373.783 Thread 0x0000000018f6f000 Exception <a 'java/lang/ClassNotFoundException': com/android/build/gradle/internal/dsl/SigningConfig_DecoratedCustomizer> (0x00000000f8f96778) thrown at [C:\re\workspace\8-2-build-windows-amd64-cygwin\jdk8u212\12974\hotspot\src\share\vm\classfile\systemDi
Event: 4373.784 Thread 0x0000000018f6f000 Exception <a 'java/lang/ClassNotFoundException': build_a93wf72u57au2ne3yfa57kooj$_run_closure1$_closure7BeanInfo> (0x00000000f8fe6b48) thrown at [C:\re\workspace\8-2-build-windows-amd64-cygwin\jdk8u212\12974\hotspot\src\share\vm\classfile\systemDictionary
Event: 4373.784 Thread 0x0000000018f6f000 Exception <a 'java/lang/ClassNotFoundException': build_a93wf72u57au2ne3yfa57kooj$_run_closure1$_closure7Customizer> (0x00000000f8ff8008) thrown at [C:\re\workspace\8-2-build-windows-amd64-cygwin\jdk8u212\12974\hotspot\src\share\vm\classfile\systemDictiona
Event: 4373.787 Thread 0x0000000018f6f000 Exception <a 'java/lang/ClassNotFoundException': build_a93wf72u57au2ne3yfa57kooj$_run_closure1BeanInfo> (0x00000000f9022280) thrown at [C:\re\workspace\8-2-build-windows-amd64-cygwin\jdk8u212\12974\hotspot\src\share\vm\classfile\systemDictionary.cpp, line
Event: 4373.787 Thread 0x0000000018f6f000 Exception <a 'java/lang/ClassNotFoundException': build_a93wf72u57au2ne3yfa57kooj$_run_closure1Customizer> (0x00000000f9032d80) thrown at [C:\re\workspace\8-2-build-windows-amd64-cygwin\jdk8u212\12974\hotspot\src\share\vm\classfile\systemDictionary.cpp, li
Event: 4373.795 Thread 0x0000000018f6f000 Exception <a 'java/lang/ClassNotFoundException': build_a93wf72u57au2ne3yfa57kooj$_run_closure1$_closure8BeanInfo> (0x00000000f90a4f38) thrown at [C:\re\workspace\8-2-build-windows-amd64-cygwin\jdk8u212\12974\hotspot\src\share\vm\classfile\systemDictionary
Event: 4373.795 Thread 0x0000000018f6f000 Exception <a 'java/lang/ClassNotFoundException': build_a93wf72u57au2ne3yfa57kooj$_run_closure1$_closure8Customizer> (0x00000000f90b63f8) thrown at [C:\re\workspace\8-2-build-windows-amd64-cygwin\jdk8u212\12974\hotspot\src\share\vm\classfile\systemDictiona

Events (10 events):
Event: 4373.797 loading class groovy/runtime/metaclass/build_a93wf72u57au2ne3yfa57kooj$_run_closure1$_closure9MetaClass
Event: 4373.797 loading class groovy/runtime/metaclass/build_a93wf72u57au2ne3yfa57kooj$_run_closure1$_closure9MetaClass done
Event: 4373.799 loading class groovy/runtime/metaclass/build_a93wf72u57au2ne3yfa57kooj$_run_closure2MetaClass
Event: 4373.799 loading class groovy/runtime/metaclass/build_a93wf72u57au2ne3yfa57kooj$_run_closure2MetaClass done
Event: 4373.800 loading class org/codehaus/groovy/runtime/typehandling/DefaultTypeTransformation
Event: 4373.800 loading class org/codehaus/groovy/runtime/typehandling/DefaultTypeTransformation done
Event: 4373.800 loading class org/gradle/api/tasks/Copy
Event: 4373.800 loading class org/gradle/api/tasks/Copy done
Event: 4373.802 loading class groovy/runtime/metaclass/build_a93wf72u57au2ne3yfa57kooj$_run_closure3MetaClass
Event: 4373.802 loading class groovy/runtime/metaclass/build_a93wf72u57au2ne3yfa57kooj$_run_closure3MetaClass done


Dynamic libraries:
0x00007ff6ebc60000 - 0x00007ff6ebc97000 	C:\Program Files\Java\jdk1.8.0_212\bin\java.exe
0x00007fffc6f70000 - 0x00007fffc715d000 	C:\WINDOWS\SYSTEM32\ntdll.dll
0x00007fffb7b10000 - 0x00007fffb7b24000 	C:\Program Files\AVAST Software\Avast\aswhook.dll
0x00007fffc4970000 - 0x00007fffc4a23000 	C:\WINDOWS\System32\KERNEL32.DLL
0x00007fffc34a0000 - 0x00007fffc3733000 	C:\WINDOWS\System32\KERNELBASE.dll
0x00007fffc5610000 - 0x00007fffc56b3000 	C:\WINDOWS\System32\ADVAPI32.dll
0x00007fffc5170000 - 0x00007fffc520e000 	C:\WINDOWS\System32\msvcrt.dll
0x00007fffc59a0000 - 0x00007fffc5a3e000 	C:\WINDOWS\System32\sechost.dll
0x00007fffc5420000 - 0x00007fffc5542000 	C:\WINDOWS\System32\RPCRT4.dll
0x00007fffc5210000 - 0x00007fffc53a7000 	C:\WINDOWS\System32\USER32.dll
0x00007fffc31e0000 - 0x00007fffc3200000 	C:\WINDOWS\System32\win32u.dll
0x00007fffc4490000 - 0x00007fffc44b9000 	C:\WINDOWS\System32\GDI32.dll
0x00007fffc3200000 - 0x00007fffc3399000 	C:\WINDOWS\System32\gdi32full.dll
0x00007fffc40f0000 - 0x00007fffc4190000 	C:\WINDOWS\System32\msvcp_win.dll
0x00007fffc3080000 - 0x00007fffc317a000 	C:\WINDOWS\System32\ucrtbase.dll
0x00007fffb3670000 - 0x00007fffb38e9000 	C:\WINDOWS\WinSxS\amd64_microsoft.windows.common-controls_6595b64144ccf1df_6.0.17763.802_none_05b1445c0722d2cc\COMCTL32.dll
0x00007fffc4cd0000 - 0x00007fffc4ffc000 	C:\WINDOWS\System32\combase.dll
0x00007fffc3920000 - 0x00007fffc399e000 	C:\WINDOWS\System32\bcryptPrimitives.dll
0x00007fffc4940000 - 0x00007fffc496e000 	C:\WINDOWS\System32\IMM32.DLL
0x0000000057f40000 - 0x0000000058012000 	C:\Program Files\Java\jdk1.8.0_212\jre\bin\msvcr100.dll
0x0000000057690000 - 0x0000000057f35000 	C:\Program Files\Java\jdk1.8.0_212\jre\bin\server\jvm.dll
0x00007fffc5000000 - 0x00007fffc5008000 	C:\WINDOWS\System32\PSAPI.DLL
0x00007fffb35c0000 - 0x00007fffb35c9000 	C:\WINDOWS\SYSTEM32\WSOCK32.dll
0x00007fffc4210000 - 0x00007fffc427d000 	C:\WINDOWS\System32\WS2_32.dll
0x00007fffc0a90000 - 0x00007fffc0ab4000 	C:\WINDOWS\SYSTEM32\WINMM.dll
0x00007fffb8f00000 - 0x00007fffb8f0a000 	C:\WINDOWS\SYSTEM32\VERSION.dll
0x00007fffc0970000 - 0x00007fffc099d000 	C:\WINDOWS\SYSTEM32\WINMMBASE.dll
0x00007fffc3450000 - 0x00007fffc349a000 	C:\WINDOWS\System32\cfgmgr32.dll
0x00007fffbca50000 - 0x00007fffbca5f000 	C:\Program Files\Java\jdk1.8.0_212\jre\bin\verify.dll
0x00007fffa8190000 - 0x00007fffa81b9000 	C:\Program Files\Java\jdk1.8.0_212\jre\bin\java.dll
0x00007fffaa5f0000 - 0x00007fffaa606000 	C:\Program Files\Java\jdk1.8.0_212\jre\bin\zip.dll
0x00007fffc5a40000 - 0x00007fffc6f34000 	C:\WINDOWS\System32\SHELL32.dll
0x00007fffc4c20000 - 0x00007fffc4cc8000 	C:\WINDOWS\System32\shcore.dll
0x00007fffc39a0000 - 0x00007fffc40ed000 	C:\WINDOWS\System32\windows.storage.dll
0x00007fffc3000000 - 0x00007fffc3024000 	C:\WINDOWS\System32\profapi.dll
0x00007fffc2f80000 - 0x00007fffc2fdd000 	C:\WINDOWS\System32\powrprof.dll
0x00007fffc4a30000 - 0x00007fffc4a82000 	C:\WINDOWS\System32\shlwapi.dll
0x00007fffc2fe0000 - 0x00007fffc2ff1000 	C:\WINDOWS\System32\kernel.appcore.dll
0x00007fffc3030000 - 0x00007fffc3047000 	C:\WINDOWS\System32\cryptsp.dll
0x00007fffb6400000 - 0x00007fffb641a000 	C:\Program Files\Java\jdk1.8.0_212\jre\bin\net.dll
0x00007fffb7850000 - 0x00007fffb7a27000 	C:\WINDOWS\SYSTEM32\urlmon.dll
0x00007fffb5980000 - 0x00007fffb5c28000 	C:\WINDOWS\SYSTEM32\iertutil.dll
0x00007fffc29a0000 - 0x00007fffc29ac000 	C:\WINDOWS\SYSTEM32\CRYPTBASE.DLL
0x00007fffc27d0000 - 0x00007fffc2837000 	C:\WINDOWS\system32\mswsock.dll
0x00007fffb63e0000 - 0x00007fffb63f2000 	C:\Program Files\Java\jdk1.8.0_212\jre\bin\nio.dll
0x00007fffb0e90000 - 0x00007fffb0eb6000 	C:\Users\hlds\.gradle\native\29\windows-amd64\native-platform.dll
0x00007fffba470000 - 0x00007fffba47d000 	C:\Program Files\Java\jdk1.8.0_212\jre\bin\management.dll
0x00007fffc2350000 - 0x00007fffc2383000 	C:\WINDOWS\system32\rsaenh.dll
0x00007fffc3050000 - 0x00007fffc3076000 	C:\WINDOWS\System32\bcrypt.dll
0x00007fffc2e60000 - 0x00007fffc2e88000 	C:\WINDOWS\SYSTEM32\USERENV.dll
0x00007fffc24f0000 - 0x00007fffc252d000 	C:\WINDOWS\SYSTEM32\IPHLPAPI.DLL
0x00007fffc5600000 - 0x00007fffc5608000 	C:\WINDOWS\System32\NSI.dll
0x00007fffb83b0000 - 0x00007fffb83c6000 	C:\WINDOWS\SYSTEM32\dhcpcsvc6.DLL
0x00007fffb8b70000 - 0x00007fffb8b8c000 	C:\WINDOWS\SYSTEM32\dhcpcsvc.DLL
0x00007fffc2530000 - 0x00007fffc25f6000 	C:\WINDOWS\SYSTEM32\DNSAPI.dll
0x00007fffb4f50000 - 0x00007fffb4f5a000 	C:\Windows\System32\rasadhlp.dll
0x00007fffb5840000 - 0x00007fffb58b9000 	C:\WINDOWS\System32\fwpuclnt.dll
0x00007fffa46f0000 - 0x00007fffa4706000 	C:\WINDOWS\system32\napinsp.dll
0x00007fffa46d0000 - 0x00007fffa46ea000 	C:\WINDOWS\system32\pnrpnsp.dll
0x00007fffa91f0000 - 0x00007fffa91fe000 	C:\WINDOWS\System32\winrnr.dll
0x00007fffbf240000 - 0x00007fffbf25b000 	C:\WINDOWS\system32\NLAapi.dll
0x00007fffa3e80000 - 0x00007fffa3e95000 	C:\WINDOWS\system32\wshbth.dll
0x00007fffb0e60000 - 0x00007fffb0e84000 	C:\Program Files\Java\jdk1.8.0_212\jre\bin\sunec.dll
0x00007fffb9490000 - 0x00007fffb949b000 	C:\Program Files\Java\jdk1.8.0_212\jre\bin\sunmscapi.dll
0x00007fffc3740000 - 0x00007fffc391b000 	C:\WINDOWS\System32\CRYPT32.dll
0x00007fffc2f60000 - 0x00007fffc2f72000 	C:\WINDOWS\System32\MSASN1.dll

VM Arguments:
jvm_args: -XX:MaxMetaspaceSize=256m -XX:+HeapDumpOnOutOfMemoryError -Xms256m -Xmx512m -Dfile.encoding=windows-1252 -Duser.country=BR -Duser.language=pt -Duser.variant 
java_command: org.gradle.launcher.daemon.bootstrap.GradleDaemon 5.5
java_class_path (initial): C:\Users\hlds\.gradle\wrapper\dists\gradle-5.5-all\byeise1led9a3w3p149d02kfj\gradle-5.5\lib\gradle-launcher-5.5.jar
Launcher Type: SUN_STANDARD

Environment Variables:
JAVA_HOME=C:\Program Files\Java\jdk1.8.0_212
CLASSPATH=C:\Users\hlds\Downloads\Pos Unipe - Desenvolvimento Web\Java Script e React Native\Biblioteca\android\\gradle\wrapper\gradle-wrapper.jar
PATH=C:\Program Files (x86)\Common Files\Oracle\Java\javapath;C:\WINDOWS\system32;C:\WINDOWS;C:\WINDOWS\System32\Wbem;C:\WINDOWS\System32\WindowsPowerShell\v1.0\;C:\WINDOWS\System32\OpenSSH\;C:\Program Files\Intel\WiFi\bin\;C:\Program Files\Common Files\Intel\WirelessCommon\;C:\xampp\php\;C:\ProgramData\ComposerSetup\bin;C:\Program Files\apache-maven-3.6.1\bin;C:\Program Files\Git\cmd;C:\Program Files\Java\jdk1.8.0_212\bin;C:\Program Files\nodejs\;C:\Users\hlds\AppData\Local\Android\Sdk\emulator;C:\Users\hlds\AppData\Local\Android\Sdk\tools;C:\Users\hlds\AppData\Local\Android\Sdk\bin;C:\Users\hlds\AppData\Local\Android\Sdk\platform-tools;C:\Program Files\Microsoft SQL Server\120\Tools\Binn\;C:\Program Files\Intel\WiFi\bin\;C:\Program Files\Common Files\Intel\WirelessCommon\;C:\Users\hlds\AppData\Local\Microsoft\WindowsApps;C:\Users\hlds\AppData\Local\Programs\Microsoft VS Code\bin;C:\Users\hlds\AppData\Roaming\Composer\vendor\bin;C:\Users\hlds\AppData\Roaming\npm
USERNAME=hlds
OS=Windows_NT
PROCESSOR_IDENTIFIER=Intel64 Family 6 Model 142 Stepping 9, GenuineIntel



---------------  S Y S T E M  ---------------

OS: Windows 10.0 , 64 bit Build 17763 (10.0.17763.475)

CPU:total 4 (initial active 4) (2 cores per cpu, 2 threads per core) family 6 model 142 stepping 9, cmov, cx8, fxsr, mmx, sse, sse2, sse3, ssse3, sse4.1, sse4.2, popcnt, avx, avx2, aes, clmul, erms, 3dnowpref, lzcnt, ht, tsc, tscinvbit, bmi1, bmi2, adx

Memory: 4k page, physical 8268864k(786528k free), swap 8268864k(5424k free)

vm_info: Java HotSpot(TM) 64-Bit Server VM (25.212-b10) for windows-amd64 JRE (1.8.0_212-b10), built on Apr  1 2019 22:50:23 by "java_re" with MS VC++ 10.0 (VS2010)

time: Sun Nov 10 14:29:06 2019
timezone: Hora oficial do Brasil
elapsed time: 4374 seconds (0d 1h 12m 54s)

