#
# There is insufficient memory for the Java Runtime Environment to continue.
# Native memory allocation (malloc) failed to allocate 221216 bytes for Chunk::new
# Possible reasons:
#   The system is out of physical RAM or swap space
#   The process is running with CompressedOops enabled, and the Java Heap may be blocking the growth of the native heap
# Possible solutions:
#   Reduce memory load on the system
#   Increase physical memory or swap space
#   Check if swap backing store is full
#   Decrease Java heap size (-Xmx/-Xms)
#   Decrease number of Java threads
#   Decrease Java thread stack sizes (-Xss)
#   Set larger code cache with -XX:ReservedCodeCacheSize=
#   JVM is running with Unscaled Compressed Oops mode in which the Java heap is
#     placed in the first 4GB address space. The Java Heap base address is the
#     maximum limit for the native heap growth. Please use -XX:HeapBaseMinAddress
#     to set the Java Heap base and to place the Java Heap above 4GB virtual address.
# This output file may be truncated or incomplete.
#
#  Out of Memory Error (allocation.cpp:389), pid=12416, tid=0x00000000000001ac
#
# JRE version: Java(TM) SE Runtime Environment (8.0_212-b10) (build 1.8.0_212-b10)
# Java VM: Java HotSpot(TM) 64-Bit Server VM (25.212-b10 mixed mode windows-amd64 compressed oops)
# Failed to write core dump. Minidumps are not enabled by default on client versions of Windows
#

---------------  T H R E A D  ---------------

Current thread (0x0000000013581800):  JavaThread "C2 CompilerThread0" daemon [_thread_in_native, id=428, stack(0x0000000014c00000,0x0000000014d00000)]

Stack: [0x0000000014c00000,0x0000000014d00000]
[error occurred during error reporting (printing stack bounds), id 0xc0000005]

Native frames: (J=compiled Java code, j=interpreted, Vv=VM code, C=native code)


Current CompileTask:
C2:1579411 11811       4       org.gradle.api.internal.artifacts.ivyservice.ivyresolve.parser.PomDomParser::getFirstChildElement (70 bytes)


---------------  P R O C E S S  ---------------

Java Threads: ( => current thread )
  0x00000000203bf800 JavaThread "Cache worker for Build Output Cleanup Cache (C:\Users\hlds\Downloads\Pos Unipe - Desenvolvimento Web\Java Script e React Native\Biblioteca\android\.gradle\buildOutputCleanup)" [_thread_blocked, id=14756, stack(0x0000000026460000,0x0000000026560000)]
  0x00000000203be000 JavaThread "Build operations Thread 4" [_thread_blocked, id=6820, stack(0x0000000026360000,0x0000000026460000)]
  0x00000000203bd800 JavaThread "Build operations Thread 3" [_thread_in_native, id=10736, stack(0x0000000026260000,0x0000000026360000)]
  0x00000000203bf000 JavaThread "Build operations Thread 2" [_thread_in_native, id=8512, stack(0x0000000026160000,0x0000000026260000)]
  0x00000000203c1000 JavaThread "Build operations" [_thread_in_native, id=7704, stack(0x0000000026060000,0x0000000026160000)]
  0x00000000203b6000 JavaThread "Cache worker for cache directory md-rule (C:\Users\hlds\.gradle\caches\5.5\md-rule)" [_thread_blocked, id=14332, stack(0x0000000025f60000,0x0000000026060000)]
  0x00000000203bc800 JavaThread "Cache worker for cache directory md-supplier (C:\Users\hlds\.gradle\caches\5.5\md-supplier)" [_thread_blocked, id=2552, stack(0x0000000025e60000,0x0000000025f60000)]
  0x00000000203bc000 JavaThread "Cache worker for file hash cache (C:\Users\hlds\Downloads\Pos Unipe - Desenvolvimento Web\Java Script e React Native\Biblioteca\android\.gradle\5.5\fileHashes)" [_thread_blocked, id=13396, stack(0x0000000025d60000,0x0000000025e60000)]
  0x00000000203b3800 JavaThread "Thread-62" [_thread_blocked, id=1600, stack(0x0000000025c60000,0x0000000025d60000)]
  0x00000000203ba800 JavaThread "Stdin handler" [_thread_blocked, id=8372, stack(0x0000000025b60000,0x0000000025c60000)]
  0x00000000203b2800 JavaThread "Asynchronous log dispatcher for DefaultDaemonConnection: socket connection from /127.0.0.1:52194 to /127.0.0.1:52914" [_thread_blocked, id=3216, stack(0x0000000025a60000,0x0000000025b60000)]
  0x00000000203b9000 JavaThread "Cancel handler" [_thread_blocked, id=13036, stack(0x0000000025960000,0x0000000025a60000)]
  0x00000000203b7800 JavaThread "Handler for socket connection from /127.0.0.1:52194 to /127.0.0.1:52914" [_thread_in_native, id=11312, stack(0x0000000025860000,0x0000000025960000)]
  0x0000000018645800 JavaThread "Daemon worker Thread 3" [_thread_in_native, id=5356, stack(0x0000000025260000,0x0000000025360000)]
  0x000000001863e800 JavaThread "Daemon Thread 3" [_thread_blocked, id=1492, stack(0x0000000024f60000,0x0000000025060000)]
  0x00000000203b6800 JavaThread "Device List Monitor" [_thread_in_native, id=12140, stack(0x0000000023260000,0x0000000023360000)]
  0x00000000203b9800 JavaThread "Monitor" [_thread_in_native, id=12612, stack(0x0000000022e60000,0x0000000022f60000)]
  0x0000000018644000 JavaThread "Cache worker for file content cache (C:\Users\hlds\.gradle\caches\5.5\fileContent)" [_thread_blocked, id=10732, stack(0x0000000022560000,0x0000000022660000)]
  0x0000000018647800 JavaThread "Memory manager" [_thread_blocked, id=2768, stack(0x0000000022360000,0x0000000022460000)]
  0x000000001863a800 JavaThread "Cache worker for execution history cache (C:\Users\hlds\.gradle\caches\5.5\executionHistory)" [_thread_blocked, id=5052, stack(0x000000001f350000,0x000000001f450000)]
  0x0000000016a8c800 JavaThread "JMX server connection timeout 30" daemon [_thread_blocked, id=1572, stack(0x000000001f050000,0x000000001f150000)]
  0x0000000016a8d800 JavaThread "RMI Scheduler(0)" daemon [_thread_blocked, id=15164, stack(0x000000001ef50000,0x000000001f050000)]
  0x0000000016a8e000 JavaThread "RMI TCP Connection(27)-192.168.0.18" daemon [_thread_in_native, id=9340, stack(0x000000001ee50000,0x000000001ef50000)]
  0x0000000016a92800 JavaThread "RMI TCP Accept-0" daemon [_thread_in_native, id=13828, stack(0x000000001dc80000,0x000000001dd80000)]
  0x0000000016a93800 JavaThread "Cache worker for journal cache (C:\Users\hlds\.gradle\caches\journal-1)" [_thread_blocked, id=12912, stack(0x0000000019140000,0x0000000019240000)]
  0x0000000016a90800 JavaThread "File lock request listener" [_thread_in_native, id=13288, stack(0x0000000019040000,0x0000000019140000)]
  0x0000000016a8f800 JavaThread "Cache worker for file hash cache (C:\Users\hlds\.gradle\caches\5.5\fileHashes)" [_thread_blocked, id=1764, stack(0x0000000018f40000,0x0000000019040000)]
  0x00000000168b0800 JavaThread "Daemon periodic checks" [_thread_blocked, id=14708, stack(0x0000000017570000,0x0000000017670000)]
  0x00000000168a2800 JavaThread "Incoming local TCP Connector on port 52194" [_thread_in_native, id=9896, stack(0x0000000017310000,0x0000000017410000)]
  0x00000000163db800 JavaThread "Daemon health stats" [_thread_blocked, id=13196, stack(0x0000000016cd0000,0x0000000016dd0000)]
  0x00000000135de000 JavaThread "Service Thread" daemon [_thread_blocked, id=7924, stack(0x0000000015300000,0x0000000015400000)]
  0x000000001358e800 JavaThread "C1 CompilerThread2" daemon [_thread_blocked, id=8516, stack(0x0000000014e00000,0x0000000014f00000)]
  0x0000000013589000 JavaThread "C2 CompilerThread1" daemon [_thread_blocked, id=10856, stack(0x0000000014d00000,0x0000000014e00000)]
=>0x0000000013581800 JavaThread "C2 CompilerThread0" daemon [_thread_in_native, id=428, stack(0x0000000014c00000,0x0000000014d00000)]
  0x0000000013580000 JavaThread "Attach Listener" daemon [_thread_blocked, id=13976, stack(0x0000000014b00000,0x0000000014c00000)]
  0x000000001357f000 JavaThread "Signal Dispatcher" daemon [_thread_blocked, id=5516, stack(0x0000000014a00000,0x0000000014b00000)]
  0x000000000220c000 JavaThread "Finalizer" daemon [_thread_blocked, id=2468, stack(0x00000000147e0000,0x00000000148e0000)]
  0x0000000002203800 JavaThread "Reference Handler" daemon [_thread_blocked, id=12860, stack(0x00000000146e0000,0x00000000147e0000)]
  0x0000000001ffe800 JavaThread "main" [_thread_blocked, id=10412, stack(0x0000000002010000,0x0000000002110000)]

Other Threads:
  0x0000000013547000 VMThread [stack: 0x00000000145e0000,0x00000000146e0000] [id=7064]
  0x0000000014f50800 WatcherThread [stack: 0x0000000015400000,0x0000000015500000] [id=1696]

VM state:not at safepoint (normal execution)

VM Mutex/Monitor currently owned by a thread: None

heap address: 0x00000000e0000000, size: 512 MB, Compressed Oops mode: 32-bit
Narrow klass base: 0x0000000000000000, Narrow klass shift: 3
Compressed class space size: 1073741824 Address: 0x0000000100000000

Heap:
 PSYoungGen      total 140800K, used 59844K [0x00000000f5580000, 0x0000000100000000, 0x0000000100000000)
  eden space 116224K, 30% used [0x00000000f5580000,0x00000000f77f38b8,0x00000000fc700000)
  from space 24576K, 99% used [0x00000000fe800000,0x00000000ffffdaa0,0x0000000100000000)
  to   space 29184K, 0% used [0x00000000fc700000,0x00000000fc700000,0x00000000fe380000)
 ParOldGen       total 236032K, used 44713K [0x00000000e0000000, 0x00000000ee680000, 0x00000000f5580000)
  object space 236032K, 18% used [0x00000000e0000000,0x00000000e2baa550,0x00000000ee680000)
 Metaspace       used 89251K, capacity 92964K, committed 93184K, reserved 1130496K
  class space    used 11883K, capacity 12694K, committed 12800K, reserved 1048576K

Card table byte_map: [0x00000000115d0000,0x00000000116e0000] byte_map_base: 0x0000000010ed0000

Marking Bits: (ParMarkBitMap*) 0x00000000526a5ce0
 Begin Bits: [0x0000000011ae0000, 0x00000000122e0000)
 End Bits:   [0x00000000122e0000, 0x0000000012ae0000)

Polling page: 0x0000000000640000

CodeCache: size=245760Kb used=32800Kb max_used=32810Kb free=212959Kb
 bounds [0x0000000002210000, 0x0000000004250000, 0x0000000011210000]
 total_blobs=10895 nmethods=10020 adapters=786
 compilation: enabled

Compilation events (10 events):
Event: 1579.396 Thread 0x0000000013589000 11807       4       org.apache.http.impl.io.SessionInputBufferImpl::readLine (265 bytes)
Event: 1579.399 Thread 0x000000001358e800 11808       3       org.gradle.internal.logging.events.ProgressEvent::getLogLevel (4 bytes)
Event: 1579.399 Thread 0x000000001358e800 nmethod 11808 0x000000000423bd50 code [0x000000000423bea0, 0x000000000423bff0]
Event: 1579.399 Thread 0x000000001358e800 11809       1       com.sun.org.apache.xerces.internal.impl.XMLErrorReporter::getLocale (5 bytes)
Event: 1579.399 Thread 0x000000001358e800 nmethod 11809 0x000000000423c090 code [0x000000000423c1e0, 0x000000000423c2f0]
Event: 1579.399 Thread 0x000000001358e800 11810       3       com.sun.org.apache.xerces.internal.impl.XMLEntityManager::setEntityHandler (6 bytes)
Event: 1579.400 Thread 0x000000001358e800 nmethod 11810 0x000000000423c350 code [0x000000000423c4a0, 0x000000000423c610]
Event: 1579.400 Thread 0x0000000013581800 11811       4       org.gradle.api.internal.artifacts.ivyservice.ivyresolve.parser.PomDomParser::getFirstChildElement (70 bytes)
Event: 1579.403 Thread 0x0000000013589000 nmethod 11807 0x000000000423f5d0 code [0x000000000423f740, 0x000000000423fa68]
Event: 1579.409 Thread 0x0000000013589000 11812       4       org.gradle.cache.internal.btree.FileBackedBlockStore$BlockImpl::getPos (31 bytes)

GC Heap History (10 events):
Event: 19.283 GC heap before
{Heap before GC invocations=13 (full 3):
 PSYoungGen      total 159232K, used 143872K [0x00000000f5580000, 0x0000000100000000, 0x0000000100000000)
  eden space 143872K, 100% used [0x00000000f5580000,0x00000000fe200000,0x00000000fe200000)
  from space 15360K, 0% used [0x00000000fe200000,0x00000000fe200000,0x00000000ff100000)
  to   space 15360K, 0% used [0x00000000ff100000,0x00000000ff100000,0x0000000100000000)
 ParOldGen       total 236032K, used 34052K [0x00000000e0000000, 0x00000000ee680000, 0x00000000f5580000)
  object space 236032K, 14% used [0x00000000e0000000,0x00000000e2141090,0x00000000ee680000)
 Metaspace       used 65485K, capacity 67512K, committed 67712K, reserved 1107968K
  class space    used 9042K, capacity 9570K, committed 9600K, reserved 1048576K
Event: 19.301 GC heap after
Heap after GC invocations=13 (full 3):
 PSYoungGen      total 150016K, used 15345K [0x00000000f5580000, 0x0000000100000000, 0x0000000100000000)
  eden space 134656K, 0% used [0x00000000f5580000,0x00000000f5580000,0x00000000fd900000)
  from space 15360K, 99% used [0x00000000ff100000,0x00000000ffffc4a8,0x0000000100000000)
  to   space 19968K, 0% used [0x00000000fd900000,0x00000000fd900000,0x00000000fec80000)
 ParOldGen       total 236032K, used 34373K [0x00000000e0000000, 0x00000000ee680000, 0x00000000f5580000)
  object space 236032K, 14% used [0x00000000e0000000,0x00000000e2191648,0x00000000ee680000)
 Metaspace       used 65485K, capacity 67512K, committed 67712K, reserved 1107968K
  class space    used 9042K, capacity 9570K, committed 9600K, reserved 1048576K
}
Event: 21.611 GC heap before
{Heap before GC invocations=14 (full 3):
 PSYoungGen      total 150016K, used 150001K [0x00000000f5580000, 0x0000000100000000, 0x0000000100000000)
  eden space 134656K, 100% used [0x00000000f5580000,0x00000000fd900000,0x00000000fd900000)
  from space 15360K, 99% used [0x00000000ff100000,0x00000000ffffc4a8,0x0000000100000000)
  to   space 19968K, 0% used [0x00000000fd900000,0x00000000fd900000,0x00000000fec80000)
 ParOldGen       total 236032K, used 34373K [0x00000000e0000000, 0x00000000ee680000, 0x00000000f5580000)
  object space 236032K, 14% used [0x00000000e0000000,0x00000000e2191648,0x00000000ee680000)
 Metaspace       used 68537K, capacity 70808K, committed 71040K, reserved 1110016K
  class space    used 9457K, capacity 10004K, committed 10112K, reserved 1048576K
Event: 21.629 GC heap after
Heap after GC invocations=14 (full 3):
 PSYoungGen      total 154624K, used 19967K [0x00000000f5580000, 0x0000000100000000, 0x0000000100000000)
  eden space 134656K, 0% used [0x00000000f5580000,0x00000000f5580000,0x00000000fd900000)
  from space 19968K, 99% used [0x00000000fd900000,0x00000000fec7fe18,0x00000000fec80000)
  to   space 19968K, 0% used [0x00000000fec80000,0x00000000fec80000,0x0000000100000000)
 ParOldGen       total 236032K, used 34746K [0x00000000e0000000, 0x00000000ee680000, 0x00000000f5580000)
  object space 236032K, 14% used [0x00000000e0000000,0x00000000e21ee910,0x00000000ee680000)
 Metaspace       used 68537K, capacity 70808K, committed 71040K, reserved 1110016K
  class space    used 9457K, capacity 10004K, committed 10112K, reserved 1048576K
}
Event: 492.765 GC heap before
{Heap before GC invocations=15 (full 3):
 PSYoungGen      total 154624K, used 154623K [0x00000000f5580000, 0x0000000100000000, 0x0000000100000000)
  eden space 134656K, 100% used [0x00000000f5580000,0x00000000fd900000,0x00000000fd900000)
  from space 19968K, 99% used [0x00000000fd900000,0x00000000fec7fe18,0x00000000fec80000)
  to   space 19968K, 0% used [0x00000000fec80000,0x00000000fec80000,0x0000000100000000)
 ParOldGen       total 236032K, used 34746K [0x00000000e0000000, 0x00000000ee680000, 0x00000000f5580000)
  object space 236032K, 14% used [0x00000000e0000000,0x00000000e21ee910,0x00000000ee680000)
 Metaspace       used 73038K, capacity 75536K, committed 75648K, reserved 1114112K
  class space    used 9779K, capacity 10358K, committed 10368K, reserved 1048576K
Event: 492.797 GC heap after
Heap after GC invocations=15 (full 3):
 PSYoungGen      total 147456K, used 19385K [0x00000000f5580000, 0x0000000100000000, 0x0000000100000000)
  eden space 127488K, 0% used [0x00000000f5580000,0x00000000f5580000,0x00000000fd200000)
  from space 19968K, 97% used [0x00000000fec80000,0x00000000fff6e7d8,0x0000000100000000)
  to   space 23552K, 0% used [0x00000000fd200000,0x00000000fd200000,0x00000000fe900000)
 ParOldGen       total 236032K, used 43507K [0x00000000e0000000, 0x00000000ee680000, 0x00000000f5580000)
  object space 236032K, 18% used [0x00000000e0000000,0x00000000e2a7cfc8,0x00000000ee680000)
 Metaspace       used 73038K, capacity 75536K, committed 75648K, reserved 1114112K
  class space    used 9779K, capacity 10358K, committed 10368K, reserved 1048576K
}
Event: 1565.245 GC heap before
{Heap before GC invocations=16 (full 3):
 PSYoungGen      total 147456K, used 146873K [0x00000000f5580000, 0x0000000100000000, 0x0000000100000000)
  eden space 127488K, 100% used [0x00000000f5580000,0x00000000fd200000,0x00000000fd200000)
  from space 19968K, 97% used [0x00000000fec80000,0x00000000fff6e7d8,0x0000000100000000)
  to   space 23552K, 0% used [0x00000000fd200000,0x00000000fd200000,0x00000000fe900000)
 ParOldGen       total 236032K, used 43507K [0x00000000e0000000, 0x00000000ee680000, 0x00000000f5580000)
  object space 236032K, 18% used [0x00000000e0000000,0x00000000e2a7cfc8,0x00000000ee680000)
 Metaspace       used 79425K, capacity 82206K, committed 82432K, reserved 1120256K
  class space    used 10527K, capacity 11197K, committed 11264K, reserved 1048576K
Event: 1565.276 GC heap after
Heap after GC invocations=16 (full 3):
 PSYoungGen      total 147968K, used 22089K [0x00000000f5580000, 0x0000000100000000, 0x0000000100000000)
  eden space 125440K, 0% used [0x00000000f5580000,0x00000000f5580000,0x00000000fd000000)
  from space 22528K, 98% used [0x00000000fd200000,0x00000000fe7925d0,0x00000000fe800000)
  to   space 24576K, 0% used [0x00000000fe800000,0x00000000fe800000,0x0000000100000000)
 ParOldGen       total 236032K, used 43515K [0x00000000e0000000, 0x00000000ee680000, 0x00000000f5580000)
  object space 236032K, 18% used [0x00000000e0000000,0x00000000e2a7efc8,0x00000000ee680000)
 Metaspace       used 79425K, capacity 82206K, committed 82432K, reserved 1120256K
  class space    used 10527K, capacity 11197K, committed 11264K, reserved 1048576K
}
Event: 1572.210 GC heap before
{Heap before GC invocations=17 (full 3):
 PSYoungGen      total 147968K, used 147529K [0x00000000f5580000, 0x0000000100000000, 0x0000000100000000)
  eden space 125440K, 100% used [0x00000000f5580000,0x00000000fd000000,0x00000000fd000000)
  from space 22528K, 98% used [0x00000000fd200000,0x00000000fe7925d0,0x00000000fe800000)
  to   space 24576K, 0% used [0x00000000fe800000,0x00000000fe800000,0x0000000100000000)
 ParOldGen       total 236032K, used 43515K [0x00000000e0000000, 0x00000000ee680000, 0x00000000f5580000)
  object space 236032K, 18% used [0x00000000e0000000,0x00000000e2a7efc8,0x00000000ee680000)
 Metaspace       used 86852K, capacity 90512K, committed 90624K, reserved 1128448K
  class space    used 11671K, capacity 12481K, committed 12544K, reserved 1048576K
Event: 1572.254 GC heap after
Heap after GC invocations=17 (full 3):
 PSYoungGen      total 140800K, used 24566K [0x00000000f5580000, 0x0000000100000000, 0x0000000100000000)
  eden space 116224K, 0% used [0x00000000f5580000,0x00000000f5580000,0x00000000fc700000)
  from space 24576K, 99% used [0x00000000fe800000,0x00000000ffffdaa0,0x0000000100000000)
  to   space 29184K, 0% used [0x00000000fc700000,0x00000000fc700000,0x00000000fe380000)
 ParOldGen       total 236032K, used 44713K [0x00000000e0000000, 0x00000000ee680000, 0x00000000f5580000)
  object space 236032K, 18% used [0x00000000e0000000,0x00000000e2baa550,0x00000000ee680000)
 Metaspace       used 86852K, capacity 90512K, committed 90624K, reserved 1128448K
  class space    used 11671K, capacity 12481K, committed 12544K, reserved 1048576K
}

Deoptimization events (10 events):
Event: 1573.210 Thread 0x0000000018645800 Uncommon trap: reason=unstable_if action=reinterpret pc=0x000000000376cf14 method=java.util.LinkedHashMap.afterNodeAccess(Ljava/util/HashMap$Node;)V @ 14
Event: 1574.749 Thread 0x0000000018645800 Uncommon trap: reason=bimorphic action=maybe_recompile pc=0x0000000003bf27a4 method=java.io.DataOutputStream.writeLong(J)V @ 108
Event: 1574.749 Thread 0x0000000018645800 Uncommon trap: reason=bimorphic action=maybe_recompile pc=0x0000000003bf27a4 method=java.io.DataOutputStream.writeLong(J)V @ 108
Event: 1574.749 Thread 0x0000000018645800 Uncommon trap: reason=bimorphic action=maybe_recompile pc=0x0000000003bf27a4 method=java.io.DataOutputStream.writeLong(J)V @ 108
Event: 1574.749 Thread 0x0000000018645800 Uncommon trap: reason=bimorphic action=maybe_recompile pc=0x0000000003bf27a4 method=java.io.DataOutputStream.writeLong(J)V @ 108
Event: 1574.751 Thread 0x0000000018645800 Uncommon trap: reason=bimorphic action=maybe_recompile pc=0x0000000003a71208 method=com.google.common.cache.LocalCache$Segment.getLiveValue(Lcom/google/common/cache/ReferenceEntry;J)Ljava/lang/Object; @ 21
Event: 1575.904 Thread 0x0000000018645800 Uncommon trap: reason=class_check action=maybe_recompile pc=0x0000000002629450 method=com.sun.org.apache.xerces.internal.dom.NamedNodeMapImpl.findNamePoint(Ljava/lang/String;I)I @ 54
Event: 1575.904 Thread 0x0000000018645800 Uncommon trap: reason=class_check action=maybe_recompile pc=0x0000000002629450 method=com.sun.org.apache.xerces.internal.dom.NamedNodeMapImpl.findNamePoint(Ljava/lang/String;I)I @ 54
Event: 1575.904 Thread 0x0000000018645800 Uncommon trap: reason=class_check action=maybe_recompile pc=0x0000000002629450 method=com.sun.org.apache.xerces.internal.dom.NamedNodeMapImpl.findNamePoint(Ljava/lang/String;I)I @ 54
Event: 1575.904 Thread 0x0000000018645800 Uncommon trap: reason=class_check action=maybe_recompile pc=0x0000000002629450 method=com.sun.org.apache.xerces.internal.dom.NamedNodeMapImpl.findNamePoint(Ljava/lang/String;I)I @ 54

Classes redefined (0 events):
No events

Internal exceptions (10 events):
Event: 1571.927 Thread 0x0000000018645800 Exception <a 'java/lang/ClassNotFoundException': com/android/build/gradle/tasks/PackageApplicationCustomizer> (0x00000000fca53ae0) thrown at [C:\re\workspace\8-2-build-windows-amd64-cygwin\jdk8u212\12974\hotspot\src\share\vm\classfile\systemDictionary.cpp
Event: 1571.928 Thread 0x0000000018645800 Exception <a 'java/lang/ClassNotFoundException': com/android/build/gradle/tasks/PackageApplication_DecoratedCustomizer> (0x00000000fca86090) thrown at [C:\re\workspace\8-2-build-windows-amd64-cygwin\jdk8u212\12974\hotspot\src\share\vm\classfile\systemDict
Event: 1571.933 Thread 0x0000000018645800 Exception <a 'java/lang/ClassNotFoundException': com/android/build/gradle/internal/tasks/PerModuleBundleTask_DecoratedBeanInfo> (0x00000000fcb5fad8) thrown at [C:\re\workspace\8-2-build-windows-amd64-cygwin\jdk8u212\12974\hotspot\src\share\vm\classfile\sy
Event: 1571.933 Thread 0x0000000018645800 Exception <a 'java/lang/ClassNotFoundException': com/android/build/gradle/internal/tasks/PerModuleBundleTaskBeanInfo> (0x00000000fcb7bdf0) thrown at [C:\re\workspace\8-2-build-windows-amd64-cygwin\jdk8u212\12974\hotspot\src\share\vm\classfile\systemDictio
Event: 1571.966 Thread 0x0000000018645800 Exception <a 'java/lang/ClassNotFoundException': com/android/build/gradle/internal/tasks/PerModuleBundleTaskCustomizer> (0x00000000fcb98660) thrown at [C:\re\workspace\8-2-build-windows-amd64-cygwin\jdk8u212\12974\hotspot\src\share\vm\classfile\systemDict
Event: 1571.967 Thread 0x0000000018645800 Exception <a 'java/lang/ClassNotFoundException': com/android/build/gradle/internal/tasks/PerModuleBundleTask_DecoratedCustomizer> (0x00000000fcbe7a50) thrown at [C:\re\workspace\8-2-build-windows-amd64-cygwin\jdk8u212\12974\hotspot\src\share\vm\classfile\
Event: 1572.003 Thread 0x0000000018645800 Implicit null exception at 0x0000000003c264b4 to 0x0000000003c291d5
Event: 1572.861 Thread 0x0000000018645800 Implicit null exception at 0x0000000003794cd7 to 0x0000000003794e59
Event: 1572.902 Thread 0x0000000018645800 Exception <a 'java/lang/ClassNotFoundException': build_7uxyzep08oewto880pkkexrycBeanInfo> (0x00000000f6625a48) thrown at [C:\re\workspace\8-2-build-windows-amd64-cygwin\jdk8u212\12974\hotspot\src\share\vm\classfile\systemDictionary.cpp, line 210]
Event: 1572.902 Thread 0x0000000018645800 Exception <a 'java/lang/ClassNotFoundException': build_7uxyzep08oewto880pkkexrycCustomizer> (0x00000000f6631a18) thrown at [C:\re\workspace\8-2-build-windows-amd64-cygwin\jdk8u212\12974\hotspot\src\share\vm\classfile\systemDictionary.cpp, line 210]

Events (10 events):
Event: 1579.274 Executing VM operation: RevokeBias
Event: 1579.275 Executing VM operation: RevokeBias done
Event: 1579.275 Executing VM operation: RevokeBias
Event: 1579.275 Executing VM operation: RevokeBias done
Event: 1579.275 Executing VM operation: RevokeBias
Event: 1579.275 Executing VM operation: RevokeBias done
Event: 1579.275 Executing VM operation: RevokeBias
Event: 1579.276 Executing VM operation: RevokeBias done
Event: 1579.276 Executing VM operation: RevokeBias
Event: 1579.276 Executing VM operation: RevokeBias done


Dynamic libraries:
0x00007ff65faa0000 - 0x00007ff65fad7000 	C:\Program Files\Java\jdk1.8.0_212\bin\java.exe
0x00007ffde9230000 - 0x00007ffde941d000 	C:\WINDOWS\SYSTEM32\ntdll.dll
0x00007ffdccb50000 - 0x00007ffdccb64000 	C:\Program Files\AVAST Software\Avast\aswhook.dll
0x00007ffde6760000 - 0x00007ffde6813000 	C:\WINDOWS\System32\KERNEL32.DLL
0x00007ffde6110000 - 0x00007ffde63a3000 	C:\WINDOWS\System32\KERNELBASE.dll
0x00007ffde69c0000 - 0x00007ffde6a63000 	C:\WINDOWS\System32\ADVAPI32.dll
0x00007ffde6c20000 - 0x00007ffde6cbe000 	C:\WINDOWS\System32\msvcrt.dll
0x00007ffde73d0000 - 0x00007ffde746e000 	C:\WINDOWS\System32\sechost.dll
0x00007ffde75e0000 - 0x00007ffde7702000 	C:\WINDOWS\System32\RPCRT4.dll
0x00007ffde6820000 - 0x00007ffde69b7000 	C:\WINDOWS\System32\USER32.dll
0x00007ffde5800000 - 0x00007ffde5820000 	C:\WINDOWS\System32\win32u.dll
0x00007ffde8cc0000 - 0x00007ffde8ce9000 	C:\WINDOWS\System32\GDI32.dll
0x00007ffde5820000 - 0x00007ffde59b9000 	C:\WINDOWS\System32\gdi32full.dll
0x00007ffde63b0000 - 0x00007ffde6450000 	C:\WINDOWS\System32\msvcp_win.dll
0x00007ffde56a0000 - 0x00007ffde579a000 	C:\WINDOWS\System32\ucrtbase.dll
0x00007ffdcf300000 - 0x00007ffdcf579000 	C:\WINDOWS\WinSxS\amd64_microsoft.windows.common-controls_6595b64144ccf1df_6.0.17763.802_none_05b1445c0722d2cc\COMCTL32.dll
0x00007ffde8e50000 - 0x00007ffde917c000 	C:\WINDOWS\System32\combase.dll
0x00007ffde5600000 - 0x00007ffde567e000 	C:\WINDOWS\System32\bcryptPrimitives.dll
0x00007ffde74d0000 - 0x00007ffde74fe000 	C:\WINDOWS\System32\IMM32.DLL
0x0000000052730000 - 0x0000000052802000 	C:\Program Files\Java\jdk1.8.0_212\jre\bin\msvcr100.dll
0x0000000051e80000 - 0x0000000052725000 	C:\Program Files\Java\jdk1.8.0_212\jre\bin\server\jvm.dll
0x00007ffde7250000 - 0x00007ffde7258000 	C:\WINDOWS\System32\PSAPI.DLL
0x00007ffdd5df0000 - 0x00007ffdd5df9000 	C:\WINDOWS\SYSTEM32\WSOCK32.dll
0x00007ffde7570000 - 0x00007ffde75dd000 	C:\WINDOWS\System32\WS2_32.dll
0x00007ffde2de0000 - 0x00007ffde2e04000 	C:\WINDOWS\SYSTEM32\WINMM.dll
0x00007ffddafc0000 - 0x00007ffddafca000 	C:\WINDOWS\SYSTEM32\VERSION.dll
0x00007ffde2d80000 - 0x00007ffde2dad000 	C:\WINDOWS\SYSTEM32\WINMMBASE.dll
0x00007ffde52f0000 - 0x00007ffde533a000 	C:\WINDOWS\System32\cfgmgr32.dll
0x00007ffdd97c0000 - 0x00007ffdd97cf000 	C:\Program Files\Java\jdk1.8.0_212\jre\bin\verify.dll
0x00007ffdc10f0000 - 0x00007ffdc1119000 	C:\Program Files\Java\jdk1.8.0_212\jre\bin\java.dll
0x00007ffdc42e0000 - 0x00007ffdc42f6000 	C:\Program Files\Java\jdk1.8.0_212\jre\bin\zip.dll
0x00007ffde7710000 - 0x00007ffde8c04000 	C:\WINDOWS\System32\SHELL32.dll
0x00007ffde8c10000 - 0x00007ffde8cb8000 	C:\WINDOWS\System32\shcore.dll
0x00007ffde59c0000 - 0x00007ffde610d000 	C:\WINDOWS\System32\windows.storage.dll
0x00007ffde52c0000 - 0x00007ffde52e4000 	C:\WINDOWS\System32\profapi.dll
0x00007ffde5240000 - 0x00007ffde529d000 	C:\WINDOWS\System32\powrprof.dll
0x00007ffde7500000 - 0x00007ffde7552000 	C:\WINDOWS\System32\shlwapi.dll
0x00007ffde52a0000 - 0x00007ffde52b1000 	C:\WINDOWS\System32\kernel.appcore.dll
0x00007ffde5680000 - 0x00007ffde5697000 	C:\WINDOWS\System32\cryptsp.dll
0x00007ffdc13d0000 - 0x00007ffdc13ea000 	C:\Program Files\Java\jdk1.8.0_212\jre\bin\net.dll
0x00007ffdd9db0000 - 0x00007ffdd9f87000 	C:\WINDOWS\SYSTEM32\urlmon.dll
0x00007ffdd7ca0000 - 0x00007ffdd7f48000 	C:\WINDOWS\SYSTEM32\iertutil.dll
0x00007ffde4c60000 - 0x00007ffde4c6c000 	C:\WINDOWS\SYSTEM32\CRYPTBASE.DLL
0x00007ffde4a90000 - 0x00007ffde4af7000 	C:\WINDOWS\system32\mswsock.dll
0x00007ffdc1290000 - 0x00007ffdc12a2000 	C:\Program Files\Java\jdk1.8.0_212\jre\bin\nio.dll
0x00007ffdd6ec0000 - 0x00007ffdd6ee6000 	C:\Users\hlds\.gradle\native\29\windows-amd64\native-platform.dll
0x00007ffdd7090000 - 0x00007ffdd709d000 	C:\Program Files\Java\jdk1.8.0_212\jre\bin\management.dll
0x00007ffde4610000 - 0x00007ffde4643000 	C:\WINDOWS\system32\rsaenh.dll
0x00007ffde55d0000 - 0x00007ffde55f6000 	C:\WINDOWS\System32\bcrypt.dll
0x00007ffde5120000 - 0x00007ffde5148000 	C:\WINDOWS\SYSTEM32\USERENV.dll
0x00007ffde47b0000 - 0x00007ffde47ed000 	C:\WINDOWS\SYSTEM32\IPHLPAPI.DLL
0x00007ffde6450000 - 0x00007ffde6458000 	C:\WINDOWS\System32\NSI.dll
0x00007ffdda4a0000 - 0x00007ffdda4b6000 	C:\WINDOWS\SYSTEM32\dhcpcsvc6.DLL
0x00007ffddacf0000 - 0x00007ffddad0c000 	C:\WINDOWS\SYSTEM32\dhcpcsvc.DLL
0x00007ffde47f0000 - 0x00007ffde48b6000 	C:\WINDOWS\SYSTEM32\DNSAPI.dll
0x00007ffdd6eb0000 - 0x00007ffdd6eba000 	C:\Windows\System32\rasadhlp.dll
0x00007ffdd77a0000 - 0x00007ffdd7819000 	C:\WINDOWS\System32\fwpuclnt.dll
0x00007ffdc9a20000 - 0x00007ffdc9a36000 	C:\WINDOWS\system32\napinsp.dll
0x00007ffdc7e60000 - 0x00007ffdc7e7a000 	C:\WINDOWS\system32\pnrpnsp.dll
0x00007ffdc9a10000 - 0x00007ffdc9a1e000 	C:\WINDOWS\System32\winrnr.dll
0x00007ffde14e0000 - 0x00007ffde14fb000 	C:\WINDOWS\system32\NLAapi.dll
0x00007ffdc7e40000 - 0x00007ffdc7e55000 	C:\WINDOWS\system32\wshbth.dll
0x00007ffddbc30000 - 0x00007ffddbc54000 	C:\Program Files\Java\jdk1.8.0_212\jre\bin\sunec.dll
0x00007ffddecf0000 - 0x00007ffddecfb000 	C:\Program Files\Java\jdk1.8.0_212\jre\bin\sunmscapi.dll
0x00007ffde53f0000 - 0x00007ffde55cb000 	C:\WINDOWS\System32\CRYPT32.dll
0x00007ffde5220000 - 0x00007ffde5232000 	C:\WINDOWS\System32\MSASN1.dll

VM Arguments:
jvm_args: -XX:MaxMetaspaceSize=256m -XX:+HeapDumpOnOutOfMemoryError -Xms256m -Xmx512m -Dfile.encoding=windows-1252 -Duser.country=BR -Duser.language=pt -Duser.variant 
java_command: org.gradle.launcher.daemon.bootstrap.GradleDaemon 5.5
java_class_path (initial): C:\Users\hlds\.gradle\wrapper\dists\gradle-5.5-all\byeise1led9a3w3p149d02kfj\gradle-5.5\lib\gradle-launcher-5.5.jar
Launcher Type: SUN_STANDARD

Environment Variables:
JAVA_HOME=C:\Program Files\Java\jdk1.8.0_212
CLASSPATH=C:\Users\hlds\Downloads\Pos Unipe - Desenvolvimento Web\Java Script e React Native\Biblioteca\android\\gradle\wrapper\gradle-wrapper.jar
PATH=C:\Program Files (x86)\Common Files\Oracle\Java\javapath;C:\WINDOWS\system32;C:\WINDOWS;C:\WINDOWS\System32\Wbem;C:\WINDOWS\System32\WindowsPowerShell\v1.0\;C:\WINDOWS\System32\OpenSSH\;C:\Program Files\Intel\WiFi\bin\;C:\Program Files\Common Files\Intel\WirelessCommon\;C:\xampp\php\;C:\ProgramData\ComposerSetup\bin;C:\Program Files\apache-maven-3.6.1\bin;C:\Program Files\Git\cmd;C:\Program Files\Java\jdk1.8.0_212\bin;C:\Program Files\nodejs\;C:\Users\hlds\AppData\Local\Android\Sdk\emulator;C:\Users\hlds\AppData\Local\Android\Sdk\tools;C:\Users\hlds\AppData\Local\Android\Sdk\bin;C:\Users\hlds\AppData\Local\Android\Sdk\platform-tools;C:\Program Files\Microsoft SQL Server\120\Tools\Binn\;C:\Program Files\Intel\WiFi\bin\;C:\Program Files\Common Files\Intel\WirelessCommon\;C:\Users\hlds\AppData\Local\Microsoft\WindowsApps;C:\Users\hlds\AppData\Local\Programs\Microsoft VS Code\bin;C:\Users\hlds\AppData\Roaming\Composer\vendor\bin;C:\Users\hlds\AppData\Roaming\npm
USERNAME=hlds
OS=Windows_NT
PROCESSOR_IDENTIFIER=Intel64 Family 6 Model 142 Stepping 9, GenuineIntel



---------------  S Y S T E M  ---------------

OS: Windows 10.0 , 64 bit Build 17763 (10.0.17763.475)

CPU:total 4 (initial active 4) (2 cores per cpu, 2 threads per core) family 6 model 142 stepping 9, cmov, cx8, fxsr, mmx, sse, sse2, sse3, ssse3, sse4.1, sse4.2, popcnt, avx, avx2, aes, clmul, erms, 3dnowpref, lzcnt, ht, tsc, tscinvbit, bmi1, bmi2, adx

Memory: 4k page, physical 8268864k(988472k free), swap 8268864k(5120k free)

vm_info: Java HotSpot(TM) 64-Bit Server VM (25.212-b10) for windows-amd64 JRE (1.8.0_212-b10), built on Apr  1 2019 22:50:23 by "java_re" with MS VC++ 10.0 (VS2010)

time: Thu Oct 31 20:12:18 2019
timezone: Hora oficial do Brasil
elapsed time: 1579 seconds (0d 0h 26m 19s)

